生成启动时间为 2014/10/2 17:12:06。
     1>项目“E:\MFC练习\CVMFC\CVMFC\CVMFC.vcxproj”在节点 2 上(build 个目标)。
     1>InitializeBuildStatus:
         正在创建“.\Release\CVMFC.unsuccessfulbuild”，因为已指定“AlwaysCreate”。
       ClCompile:
         所有输出均为最新。
         D:\Program Files\Microsoft Visual Studio 10.0\VC\bin\CL.exe /c /I../DirectShow/Include /I"D:\Program Files\MATLAB\R2010b\extern\include\win32" /I"D:\Program Files\MATLAB\R2010b\extern\include" /AI"D:\Program Files\MATLAB\R2010b\extern\lib\win32\microsoft" /Zi /nologo /W3 /WX- /O2 /Ob1 /Oy- /D WIN32 /D NDEBUG /D _WINDOWS /D _VC80_UPGRADE=0x0600 /D _MBCS /D _AFXDLL /GF /Gm- /EHsc /MD /GS /Gy /fp:precise /Zc:wchar_t /Zc:forScope /Yu"stdafx.h" /Fp".\Release\CVMFC.pch" /Fo".\Release\\" /Fd".\Release\vc100.pdb" /Gd /TP /analyze- /errorReport:prompt CVMFCView.cpp
         CVMFCView.cpp
     1>CVMFCView.cpp(251): warning C4996: 'sscanf': This function or variable may be unsafe. Consider using sscanf_s instead. To disable deprecation, use _CRT_SECURE_NO_WARNINGS. See online help for details.
                 D:\Program Files\Microsoft Visual Studio 10.0\VC\include\stdio.h(325) : 参见“sscanf”的声明
     1>CVMFCView.cpp(276): warning C4996: 'sprintf': This function or variable may be unsafe. Consider using sprintf_s instead. To disable deprecation, use _CRT_SECURE_NO_WARNINGS. See online help for details.
                 D:\Program Files\Microsoft Visual Studio 10.0\VC\include\stdio.h(371) : 参见“sprintf”的声明
     1>CVMFCView.cpp(1625): warning C4258: “n”: 忽略 For 循环中的定义；使用封闭范围中的定义
                 CVMFCView.cpp(1623) : 忽略“n”的定义
                 CVMFCView.cpp(1601) : 使用“n”的定义
     1>CVMFCView.cpp(1665): warning C4258: “i”: 忽略 For 循环中的定义；使用封闭范围中的定义
                 CVMFCView.cpp(1643) : 忽略“i”的定义
                 CVMFCView.cpp(1585) : 使用“i”的定义
     1>CVMFCView.cpp(1665): warning C4258: “i”: 忽略 For 循环中的定义；使用封闭范围中的定义
                 CVMFCView.cpp(1643) : 忽略“i”的定义
                 CVMFCView.cpp(1585) : 使用“i”的定义
     1>CVMFCView.cpp(1665): warning C4258: “i”: 忽略 For 循环中的定义；使用封闭范围中的定义
                 CVMFCView.cpp(1643) : 忽略“i”的定义
                 CVMFCView.cpp(1585) : 使用“i”的定义
     1>CVMFCView.cpp(1666): warning C4258: “i”: 忽略 For 循环中的定义；使用封闭范围中的定义
                 CVMFCView.cpp(1643) : 忽略“i”的定义
                 CVMFCView.cpp(1585) : 使用“i”的定义
     1>CVMFCView.cpp(1667): warning C4258: “i”: 忽略 For 循环中的定义；使用封闭范围中的定义
                 CVMFCView.cpp(1643) : 忽略“i”的定义
                 CVMFCView.cpp(1585) : 使用“i”的定义
     1>CVMFCView.cpp(1703): warning C4258: “n”: 忽略 For 循环中的定义；使用封闭范围中的定义
                 CVMFCView.cpp(1701) : 忽略“n”的定义
                 CVMFCView.cpp(1601) : 使用“n”的定义
     1>CVMFCView.cpp(1761): warning C4258: “i”: 忽略 For 循环中的定义；使用封闭范围中的定义
                 CVMFCView.cpp(1721) : 忽略“i”的定义
                 CVMFCView.cpp(1585) : 使用“i”的定义
     1>CVMFCView.cpp(1761): warning C4258: “i”: 忽略 For 循环中的定义；使用封闭范围中的定义
                 CVMFCView.cpp(1721) : 忽略“i”的定义
                 CVMFCView.cpp(1585) : 使用“i”的定义
     1>CVMFCView.cpp(1761): warning C4258: “i”: 忽略 For 循环中的定义；使用封闭范围中的定义
                 CVMFCView.cpp(1721) : 忽略“i”的定义
                 CVMFCView.cpp(1585) : 使用“i”的定义
     1>CVMFCView.cpp(1762): warning C4258: “i”: 忽略 For 循环中的定义；使用封闭范围中的定义
                 CVMFCView.cpp(1721) : 忽略“i”的定义
                 CVMFCView.cpp(1585) : 使用“i”的定义
     1>CVMFCView.cpp(1763): warning C4258: “i”: 忽略 For 循环中的定义；使用封闭范围中的定义
                 CVMFCView.cpp(1721) : 忽略“i”的定义
                 CVMFCView.cpp(1585) : 使用“i”的定义
     1>CVMFCView.cpp(1799): warning C4258: “n”: 忽略 For 循环中的定义；使用封闭范围中的定义
                 CVMFCView.cpp(1797) : 忽略“n”的定义
                 CVMFCView.cpp(1601) : 使用“n”的定义
     1>CVMFCView.cpp(1824): warning C4258: “i”: 忽略 For 循环中的定义；使用封闭范围中的定义
                 CVMFCView.cpp(1819) : 忽略“i”的定义
                 CVMFCView.cpp(1585) : 使用“i”的定义
     1>CVMFCView.cpp(1824): warning C4258: “i”: 忽略 For 循环中的定义；使用封闭范围中的定义
                 CVMFCView.cpp(1819) : 忽略“i”的定义
                 CVMFCView.cpp(1585) : 使用“i”的定义
     1>CVMFCView.cpp(1824): warning C4258: “i”: 忽略 For 循环中的定义；使用封闭范围中的定义
                 CVMFCView.cpp(1819) : 忽略“i”的定义
                 CVMFCView.cpp(1585) : 使用“i”的定义
     1>CVMFCView.cpp(1825): warning C4258: “i”: 忽略 For 循环中的定义；使用封闭范围中的定义
                 CVMFCView.cpp(1819) : 忽略“i”的定义
                 CVMFCView.cpp(1585) : 使用“i”的定义
     1>CVMFCView.cpp(1826): warning C4258: “i”: 忽略 For 循环中的定义；使用封闭范围中的定义
                 CVMFCView.cpp(1819) : 忽略“i”的定义
                 CVMFCView.cpp(1585) : 使用“i”的定义
     1>CVMFCView.cpp(1834): warning C4258: “i”: 忽略 For 循环中的定义；使用封闭范围中的定义
                 CVMFCView.cpp(1819) : 忽略“i”的定义
                 CVMFCView.cpp(1585) : 使用“i”的定义
     1>CVMFCView.cpp(1834): warning C4258: “i”: 忽略 For 循环中的定义；使用封闭范围中的定义
                 CVMFCView.cpp(1819) : 忽略“i”的定义
                 CVMFCView.cpp(1585) : 使用“i”的定义
     1>CVMFCView.cpp(1834): warning C4258: “i”: 忽略 For 循环中的定义；使用封闭范围中的定义
                 CVMFCView.cpp(1819) : 忽略“i”的定义
                 CVMFCView.cpp(1585) : 使用“i”的定义
     1>CVMFCView.cpp(1836): warning C4258: “i”: 忽略 For 循环中的定义；使用封闭范围中的定义
                 CVMFCView.cpp(1819) : 忽略“i”的定义
                 CVMFCView.cpp(1585) : 使用“i”的定义
     1>CVMFCView.cpp(1839): warning C4258: “i”: 忽略 For 循环中的定义；使用封闭范围中的定义
                 CVMFCView.cpp(1819) : 忽略“i”的定义
                 CVMFCView.cpp(1585) : 使用“i”的定义
     1>CVMFCView.cpp(1839): warning C4258: “i”: 忽略 For 循环中的定义；使用封闭范围中的定义
                 CVMFCView.cpp(1819) : 忽略“i”的定义
                 CVMFCView.cpp(1585) : 使用“i”的定义
     1>CVMFCView.cpp(1839): warning C4258: “i”: 忽略 For 循环中的定义；使用封闭范围中的定义
                 CVMFCView.cpp(1819) : 忽略“i”的定义
                 CVMFCView.cpp(1585) : 使用“i”的定义
     1>CVMFCView.cpp(1840): warning C4258: “i”: 忽略 For 循环中的定义；使用封闭范围中的定义
                 CVMFCView.cpp(1819) : 忽略“i”的定义
                 CVMFCView.cpp(1585) : 使用“i”的定义
     1>CVMFCView.cpp(1841): warning C4258: “i”: 忽略 For 循环中的定义；使用封闭范围中的定义
                 CVMFCView.cpp(1819) : 忽略“i”的定义
                 CVMFCView.cpp(1585) : 使用“i”的定义
     1>CVMFCView.cpp(1985): warning C4258: “n”: 忽略 For 循环中的定义；使用封闭范围中的定义
                 CVMFCView.cpp(1983) : 忽略“n”的定义
                 CVMFCView.cpp(1601) : 使用“n”的定义
     1>CVMFCView.cpp(2018): warning C4258: “i”: 忽略 For 循环中的定义；使用封闭范围中的定义
                 CVMFCView.cpp(2011) : 忽略“i”的定义
                 CVMFCView.cpp(1585) : 使用“i”的定义
     1>CVMFCView.cpp(2018): warning C4258: “i”: 忽略 For 循环中的定义；使用封闭范围中的定义
                 CVMFCView.cpp(2011) : 忽略“i”的定义
                 CVMFCView.cpp(1585) : 使用“i”的定义
     1>CVMFCView.cpp(2018): warning C4258: “i”: 忽略 For 循环中的定义；使用封闭范围中的定义
                 CVMFCView.cpp(2011) : 忽略“i”的定义
                 CVMFCView.cpp(1585) : 使用“i”的定义
     1>CVMFCView.cpp(2020): warning C4258: “i”: 忽略 For 循环中的定义；使用封闭范围中的定义
                 CVMFCView.cpp(2011) : 忽略“i”的定义
                 CVMFCView.cpp(1585) : 使用“i”的定义
     1>CVMFCView.cpp(2023): warning C4258: “i”: 忽略 For 循环中的定义；使用封闭范围中的定义
                 CVMFCView.cpp(2011) : 忽略“i”的定义
                 CVMFCView.cpp(1585) : 使用“i”的定义
     1>CVMFCView.cpp(2023): warning C4258: “i”: 忽略 For 循环中的定义；使用封闭范围中的定义
                 CVMFCView.cpp(2011) : 忽略“i”的定义
                 CVMFCView.cpp(1585) : 使用“i”的定义
     1>CVMFCView.cpp(2023): warning C4258: “i”: 忽略 For 循环中的定义；使用封闭范围中的定义
                 CVMFCView.cpp(2011) : 忽略“i”的定义
                 CVMFCView.cpp(1585) : 使用“i”的定义
     1>CVMFCView.cpp(2024): warning C4258: “i”: 忽略 For 循环中的定义；使用封闭范围中的定义
                 CVMFCView.cpp(2011) : 忽略“i”的定义
                 CVMFCView.cpp(1585) : 使用“i”的定义
     1>CVMFCView.cpp(2025): warning C4258: “i”: 忽略 For 循环中的定义；使用封闭范围中的定义
                 CVMFCView.cpp(2011) : 忽略“i”的定义
                 CVMFCView.cpp(1585) : 使用“i”的定义
     1>CVMFCView.cpp(2176): warning C4258: “n”: 忽略 For 循环中的定义；使用封闭范围中的定义
                 CVMFCView.cpp(2161) : 忽略“n”的定义
                 CVMFCView.cpp(1601) : 使用“n”的定义
     1>CVMFCView.cpp(2178): warning C4996: 'sprintf': This function or variable may be unsafe. Consider using sprintf_s instead. To disable deprecation, use _CRT_SECURE_NO_WARNINGS. See online help for details.
                 D:\Program Files\Microsoft Visual Studio 10.0\VC\include\stdio.h(371) : 参见“sprintf”的声明
     1>CVMFCView.cpp(3336): warning C4258: “i”: 忽略 For 循环中的定义；使用封闭范围中的定义
                 CVMFCView.cpp(3330) : 忽略“i”的定义
                 CVMFCView.cpp(1585) : 使用“i”的定义
     1>CVMFCView.cpp(3336): warning C4258: “i”: 忽略 For 循环中的定义；使用封闭范围中的定义
                 CVMFCView.cpp(3330) : 忽略“i”的定义
                 CVMFCView.cpp(1585) : 使用“i”的定义
     1>CVMFCView.cpp(3336): warning C4258: “i”: 忽略 For 循环中的定义；使用封闭范围中的定义
                 CVMFCView.cpp(3330) : 忽略“i”的定义
                 CVMFCView.cpp(1585) : 使用“i”的定义
     1>CVMFCView.cpp(3337): warning C4258: “i”: 忽略 For 循环中的定义；使用封闭范围中的定义
                 CVMFCView.cpp(3330) : 忽略“i”的定义
                 CVMFCView.cpp(1585) : 使用“i”的定义
     1>CVMFCView.cpp(3338): warning C4258: “i”: 忽略 For 循环中的定义；使用封闭范围中的定义
                 CVMFCView.cpp(3330) : 忽略“i”的定义
                 CVMFCView.cpp(1585) : 使用“i”的定义
     1>CVMFCView.cpp(3355): warning C4258: “i”: 忽略 For 循环中的定义；使用封闭范围中的定义
                 CVMFCView.cpp(3330) : 忽略“i”的定义
                 CVMFCView.cpp(1585) : 使用“i”的定义
     1>CVMFCView.cpp(3355): warning C4258: “i”: 忽略 For 循环中的定义；使用封闭范围中的定义
                 CVMFCView.cpp(3330) : 忽略“i”的定义
                 CVMFCView.cpp(1585) : 使用“i”的定义
     1>CVMFCView.cpp(3355): warning C4258: “i”: 忽略 For 循环中的定义；使用封闭范围中的定义
                 CVMFCView.cpp(3330) : 忽略“i”的定义
                 CVMFCView.cpp(1585) : 使用“i”的定义
     1>CVMFCView.cpp(3356): warning C4258: “i”: 忽略 For 循环中的定义；使用封闭范围中的定义
                 CVMFCView.cpp(3330) : 忽略“i”的定义
                 CVMFCView.cpp(1585) : 使用“i”的定义
     1>CVMFCView.cpp(3357): warning C4258: “i”: 忽略 For 循环中的定义；使用封闭范围中的定义
                 CVMFCView.cpp(3330) : 忽略“i”的定义
                 CVMFCView.cpp(1585) : 使用“i”的定义
     1>CVMFCView.cpp(3508): warning C4258: “n”: 忽略 For 循环中的定义；使用封闭范围中的定义
                 CVMFCView.cpp(3506) : 忽略“n”的定义
                 CVMFCView.cpp(1601) : 使用“n”的定义
       ResourceCompile:
         所有输出均为最新。
       Link:
         D:\Program Files\Microsoft Visual Studio 10.0\VC\bin\link.exe /ERRORREPORT:PROMPT /OUT:".\Release\CVMFC.exe" /INCREMENTAL:NO /NOLOGO /LIBPATH:"D:\Program Files\MATLAB\R2010b\extern\lib\win32\microsoft" opencv_calib3d243.lib opencv_contrib243.lib opencv_core243.lib opencv_features2d243.lib opencv_flann243.lib opencv_gpu243.lib opencv_highgui243.lib opencv_imgproc243.lib opencv_legacy243.lib opencv_ml243.lib opencv_objdetect243.lib opencv_ts243.lib opencv_video243.lib libeng.lib libmat.lib libmex.lib libmx.lib mclmcrrt.lib mclmcr.lib opencv_calib3d243d.lib opencv_contrib243d.lib opencv_core243d.lib opencv_features2d243d.lib opencv_flann243d.lib opencv_gpu243d.lib opencv_highgui243d.lib opencv_imgproc243d.lib opencv_legacy243d.lib opencv_ml243d.lib opencv_nonfree243d.lib opencv_objdetect243d.lib opencv_photo243d.lib opencv_stitching243d.lib opencv_ts243d.lib opencv_video243d.lib opencv_videostab243d.lib /MANIFEST /ManifestFile:".\Release\CVMFC.exe.intermediate.manifest" /MANIFESTUAC:"level='asInvoker' uiAccess='false'" /PDB:"E:\MFC练习\CVMFC\CVMFC\Release\CVMFC.pdb" /SUBSYSTEM:WINDOWS /TLBID:1 /DYNAMICBASE /NXCOMPAT /IMPLIB:".\Release\CVMFC.lib" /MACHINE:X86 .\Release\CVMFC.res
         .\Release\CameraDSA.obj
         .\Release\ChildFrm.obj
         .\Release\CVDSCap.obj
         .\Release\CVMFC.obj
         .\Release\CVMFCDoc.obj
         .\Release\CVMFCView.obj
         .\Release\MainFrm.obj
         .\Release\Processing.obj
         .\Release\StdAfx.obj
         CVMFC.vcxproj -> E:\MFC练习\CVMFC\CVMFC\.\Release\CVMFC.exe
       Manifest:
         C:\Program Files\Microsoft SDKs\Windows\v7.0A\bin\mt.exe /nologo /verbose /outputresource:".\Release\CVMFC.exe;#1" /manifest .\Release\CVMFC.exe.intermediate.manifest "D:\Program Files\Microsoft Visual Studio 10.0\VC\Include\Manifest\dpiaware.manifest"
       FinalizeBuildStatus:
         正在删除文件“.\Release\CVMFC.unsuccessfulbuild”。
         正在对“.\Release\CVMFC.lastbuildstate”执行 Touch 任务。
     1>已完成生成项目“E:\MFC练习\CVMFC\CVMFC\CVMFC.vcxproj”(build 个目标)的操作。

生成成功。

已用时间 00:00:07.74
