E:\MFC练习\CVMFC\CVMFC\.\Release\CVMFC.exe
E:\MFC练习\CVMFC\CVMFC\RELEASE\CAMERADSA.OBJ
E:\MFC练习\CVMFC\CVMFC\RELEASE\CHILDFRM.OBJ
E:\MFC练习\CVMFC\CVMFC\Release\cl.command.1.tlog
E:\MFC练习\CVMFC\CVMFC\Release\CL.read.1.tlog
E:\MFC练习\CVMFC\CVMFC\Release\CL.write.1.tlog
E:\MFC练习\CVMFC\CVMFC\RELEASE\CVDSCAP.OBJ
E:\MFC练习\CVMFC\CVMFC\RELEASE\CVMFC.OBJ
E:\MFC练习\CVMFC\CVMFC\RELEASE\CVMFC.PCH
E:\MFC练习\CVMFC\CVMFC\RELEASE\CVMFC.RES
E:\MFC练习\CVMFC\CVMFC\RELEASE\CVMFCDOC.OBJ
E:\MFC练习\CVMFC\CVMFC\RELEASE\CVMFCVIEW.OBJ
E:\MFC练习\CVMFC\CVMFC\Release\link.command.1.tlog
E:\MFC练习\CVMFC\CVMFC\Release\link.read.1.tlog
E:\MFC练习\CVMFC\CVMFC\RELEASE\MAINFRM.OBJ
E:\MFC练习\CVMFC\CVMFC\RELEASE\PROCESSING.OBJ
E:\MFC练习\CVMFC\CVMFC\Release\rc.command.1.tlog
E:\MFC练习\CVMFC\CVMFC\Release\rc.read.1.tlog
E:\MFC练习\CVMFC\CVMFC\Release\rc.write.1.tlog
E:\MFC练习\CVMFC\CVMFC\RELEASE\STDAFX.OBJ
E:\MFC练习\CVMFC\CVMFC\RELEASE\VC100.PDB
