E:\MFC练习\CVMFC\CVMFC\.\Debug\CVMFC.exe
E:\MFC练习\CVMFC\CVMFC\DEBUG\CAMERADSA.OBJ
E:\MFC练习\CVMFC\CVMFC\DEBUG\CHILDFRM.OBJ
E:\MFC练习\CVMFC\CVMFC\Debug\cl.command.1.tlog
E:\MFC练习\CVMFC\CVMFC\Debug\CL.read.1.tlog
E:\MFC练习\CVMFC\CVMFC\Debug\CL.write.1.tlog
E:\MFC练习\CVMFC\CVMFC\DEBUG\CVDSCAP.OBJ
E:\MFC练习\CVMFC\CVMFC\Debug\CVMFC.exe.embed.manifest
E:\MFC练习\CVMFC\CVMFC\DEBUG\CVMFC.EXE.EMBED.MANIFEST.RES
E:\MFC练习\CVMFC\CVMFC\DEBUG\CVMFC.OBJ
E:\MFC练习\CVMFC\CVMFC\DEBUG\CVMFC.PCH
E:\MFC练习\CVMFC\CVMFC\DEBUG\CVMFC.RES
E:\MFC练习\CVMFC\CVMFC\Debug\CVMFC_manifest.rc
E:\MFC练习\CVMFC\CVMFC\DEBUG\CVMFCDOC.OBJ
E:\MFC练习\CVMFC\CVMFC\DEBUG\CVMFCVIEW.OBJ
E:\MFC练习\CVMFC\CVMFC\Debug\link.command.1.tlog
E:\MFC练习\CVMFC\CVMFC\Debug\link.read.1.tlog
E:\MFC练习\CVMFC\CVMFC\Debug\link.write.1.tlog
E:\MFC练习\CVMFC\CVMFC\DEBUG\MAINFRM.OBJ
E:\MFC练习\CVMFC\CVMFC\DEBUG\PROCESSING.OBJ
E:\MFC练习\CVMFC\CVMFC\Debug\rc.command.1.tlog
E:\MFC练习\CVMFC\CVMFC\Debug\rc.read.1.tlog
E:\MFC练习\CVMFC\CVMFC\Debug\rc.write.1.tlog
E:\MFC练习\CVMFC\CVMFC\DEBUG\STDAFX.OBJ
E:\MFC练习\CVMFC\CVMFC\Debug\vc100.idb
E:\MFC练习\CVMFC\CVMFC\DEBUG\VC100.PDB
